<?xml version="1.0" encoding="UTF-8"?>
<test-config>
    <name>test2</name>
    <value>2</value>
</test-config>